# JRE version: OpenJDK Runtime Environment JBR-11.0.15.10-2043.56-jcef (11.0.15+10) (build 11.0.15+10-b2043.56)
# Java VM: OpenJDK 64-Bit Server VM JBR-11.0.15.10-2043.56-jcef (11.0.15+10-b2043.56, mixed mode, tiered, compressed oops, g1 gc, windows-amd64)
Heap:
 garbage-first heap   total 131072K, used 26444K [0x00000000c0000000, 0x0000000100000000)
  region size 1024K, 21 young (21504K), 1 survivors (1024K)
 Metaspace       used 21514K, capacity 22146K, committed 22448K, reserved 1069056K
  class space    used 2203K, capacity 2465K, committed 2560K, reserved 1048576K
GC Heap History (6 events):
Event: 1.870 GC heap before
{Heap before GC invocations=0 (full 0):
 garbage-first heap   total 131072K, used 23552K [0x00000000c0000000, 0x0000000100000000)
  region size 1024K, 24 young (24576K), 0 survivors (0K)
 Metaspace       used 15840K, capacity 16395K, committed 16512K, reserved 1064960K
  class space    used 1664K, capacity 1913K, committed 1920K, reserved 1048576K
}
Event: 1.882 GC heap after
{Heap after GC invocations=1 (full 0):
 garbage-first heap   total 131072K, used 5625K [0x00000000c0000000, 0x0000000100000000)
  region size 1024K, 3 young (3072K), 3 survivors (3072K)
 Metaspace       used 15840K, capacity 16395K, committed 16512K, reserved 1064960K
  class space    used 1664K, capacity 1913K, committed 1920K, reserved 1048576K
}
Event: 2.110 GC heap before
{Heap before GC invocations=1 (full 0):
 garbage-first heap   total 131072K, used 8697K [0x00000000c0000000, 0x0000000100000000)
  region size 1024K, 6 young (6144K), 3 survivors (3072K)
 Metaspace       used 18618K, capacity 19160K, committed 19456K, reserved 1067008K
  class space    used 1992K, capacity 2215K, committed 2304K, reserved 1048576K
}
Event: 2.114 GC heap after
{Heap after GC invocations=2 (full 0):
 garbage-first heap   total 131072K, used 6521K [0x00000000c0000000, 0x0000000100000000)
  region size 1024K, 1 young (1024K), 1 survivors (1024K)
 Metaspace       used 18618K, capacity 19160K, committed 19456K, reserved 1067008K
  class space    used 1992K, capacity 2215K, committed 2304K, reserved 1048576K
}
Event: 2.522 GC heap before
{Heap before GC invocations=2 (full 0):
 garbage-first heap   total 131072K, used 10617K [0x00000000c0000000, 0x0000000100000000)
  region size 1024K, 6 young (6144K), 1 survivors (1024K)
 Metaspace       used 20575K, capacity 21177K, committed 21296K, reserved 1069056K
  class space    used 2170K, capacity 2415K, committed 2432K, reserved 1048576K
}
Event: 2.525 GC heap after
{Heap after GC invocations=3 (full 0):
 garbage-first heap   total 131072K, used 6988K [0x00000000c0000000, 0x0000000100000000)
  region size 1024K, 1 young (1024K), 1 survivors (1024K)
 Metaspace       used 20575K, capacity 21177K, committed 21296K, reserved 1069056K
  class space    used 2170K, capacity 2415K, committed 2432K, reserved 1048576K
}

